<?xml version="1.0" encoding="UTF-8"?>
<testsuite name="UserDaoTests" tests="1" skipped="0" failures="0" errors="0" timestamp="2022-04-22T07:40:31" hostname="gimdoyun-ui-MacBookPro.local" time="0.554">
  <properties/>
  <testcase name="testGet()" classname="UserDaoTests" time="0.554"/>
  <system-out><![CDATA[]]></system-out>
  <system-err><![CDATA[]]></system-err>
</testsuite>
