<?xml version="1.0" encoding="UTF-8"?>
<testsuite name="jejunu.UserDaoTests" tests="2" skipped="0" failures="0" errors="0" timestamp="2022-04-22T08:07:02" hostname="gimdoyun-ui-MacBookPro.local" time="0.604">
  <properties/>
  <testcase name="jejuget()" classname="jejunu.UserDaoTests" time="0.528"/>
  <testcase name="hallaget()" classname="jejunu.UserDaoTests" time="0.073"/>
  <system-out><![CDATA[]]></system-out>
  <system-err><![CDATA[]]></system-err>
</testsuite>
