<?xml version="1.0" encoding="UTF-8"?>
<testsuite name="jejunu.UserDaoTests" tests="4" skipped="0" failures="0" errors="0" timestamp="2022-04-22T13:23:05" hostname="gimdoyun-ui-MacBookPro.local" time="0.865">
  <properties/>
  <testcase name="delete()" classname="jejunu.UserDaoTests" time="0.637"/>
  <testcase name="insert()" classname="jejunu.UserDaoTests" time="0.091"/>
  <testcase name="update()" classname="jejunu.UserDaoTests" time="0.101"/>
  <testcase name="findById()" classname="jejunu.UserDaoTests" time="0.028"/>
  <system-out><![CDATA[]]></system-out>
  <system-err><![CDATA[]]></system-err>
</testsuite>
