<?xml version="1.0" encoding="UTF-8"?>
<testsuite name="jejunu.UserDaoTests" tests="2" skipped="0" failures="0" errors="0" timestamp="2022-04-22T09:15:57" hostname="gimdoyun-ui-MacBookPro.local" time="0.649">
  <properties/>
  <testcase name="jejuget()" classname="jejunu.UserDaoTests" time="0.498"/>
  <testcase name="insert()" classname="jejunu.UserDaoTests" time="0.146"/>
  <system-out><![CDATA[]]></system-out>
  <system-err><![CDATA[]]></system-err>
</testsuite>
