<?xml version="1.0" encoding="UTF-8"?>
<testsuite name="jejunu.UserDaoTests" tests="4" skipped="0" failures="0" errors="0" timestamp="2022-04-22T13:45:04" hostname="gimdoyun-ui-MacBookPro.local" time="1.047">
  <properties/>
  <testcase name="delete()" classname="jejunu.UserDaoTests" time="0.789"/>
  <testcase name="insert()" classname="jejunu.UserDaoTests" time="0.108"/>
  <testcase name="update()" classname="jejunu.UserDaoTests" time="0.113"/>
  <testcase name="findById()" classname="jejunu.UserDaoTests" time="0.025"/>
  <system-out><![CDATA[]]></system-out>
  <system-err><![CDATA[]]></system-err>
</testsuite>
