<?xml version="1.0" encoding="UTF-8"?>
<testsuite name="jejunu.UserDaoTests" tests="2" skipped="0" failures="0" errors="0" timestamp="2022-04-22T07:55:32" hostname="gimdoyun-ui-MacBookPro.local" time="0.609">
  <properties/>
  <testcase name="jejuget()" classname="jejunu.UserDaoTests" time="0.527"/>
  <testcase name="hallaget()" classname="jejunu.UserDaoTests" time="0.079"/>
  <system-out><![CDATA[]]></system-out>
  <system-err><![CDATA[]]></system-err>
</testsuite>
